<?xml version="1.0" encoding="UTF-8"?>
<testng-results ignored="0" total="1" passed="1" failed="0" skipped="0">
  <reporter-output>
  </reporter-output>
  <suite started-at="2024-08-14T14:28:22 IST" name="Default suite" finished-at="2024-08-14T14:28:22 IST" duration-ms="39">
    <groups>
    </groups>
    <test started-at="2024-08-14T14:28:22 IST" name="Default test" finished-at="2024-08-14T14:28:22 IST" duration-ms="39">
      <class name="QSP.Swap">
        <test-method signature="demo1()[pri:0, instance:QSP.Swap@4944252c]" started-at="2024-08-14T14:28:22 IST" name="demo1" finished-at="2024-08-14T14:28:22 IST" duration-ms="6" status="PASS">
          <reporter-output>
          </reporter-output>
        </test-method> <!-- demo1 -->
      </class> <!-- QSP.Swap -->
    </test> <!-- Default test -->
  </suite> <!-- Default suite -->
</testng-results>
